<?xml version="1.0" encoding="UTF-8"?>
<!-- Generated by org.testng.reporters.JUnitXMLReporter -->
<testsuite ignored="0" hostname="Anantdeep" failures="0" tests="3" name="Default test" time="22.433" errors="0" timestamp="2024-12-11T11:43:00 IST">
  <testcase classname="amazon_test.Test_Case2" name="login_logic" time="0.239">
    <skipped/>
  </testcase> <!-- login_logic -->
  <testcase classname="amazon_test.Test_Case2" name="login_logic" time="0.035">
    <skipped/>
  </testcase> <!-- login_logic -->
  <testcase classname="amazon_test.Test_Case2" name="login_logic" time="8.705"/>
</testsuite> <!-- Default test -->
