<?xml version="1.0" encoding="UTF-8"?>
<!-- Generated by org.testng.reporters.JUnitXMLReporter -->
<testsuite ignored="0" hostname="Anantdeep" failures="0" tests="3" name="Test" time="48.538" errors="0" timestamp="2024-12-11T23:39:40 IST">
  <testcase classname="amazon_test.Test_Case2" name="login_logic" time="8.332"/>
  <testcase classname="amazon_test.Test_Case4" name="edit_address" time="14.336"/>
  <testcase classname="amazon_test.Test_Case5" name="loginl_logic" time="11.217"/>
</testsuite> <!-- Test -->
