<?xml version="1.0" encoding="UTF-8"?>
<testng-results ignored="0" total="3" passed="3" failed="0" skipped="0">
  <reporter-output>
    <line>
      <![CDATA[Test is passed]]>
    </line>
    <line>
      <![CDATA[Test is passed]]>
    </line>
    <line>
      <![CDATA[Test is passed]]>
    </line>
  </reporter-output>
  <suite started-at="2024-12-11T23:38:51 IST" name="Suite" finished-at="2024-12-11T23:39:40 IST" duration-ms="48538">
    <groups>
    </groups>
    <test started-at="2024-12-11T23:38:51 IST" name="Test" finished-at="2024-12-11T23:39:40 IST" duration-ms="48538">
      <class name="amazon_test.Test_Case5">
        <test-method is-config="true" signature="launch(java.lang.String)[pri:0, instance:amazon_test.Test_Case5@30c15d8b]" started-at="2024-12-11T23:39:24 IST" name="launch" finished-at="2024-12-11T23:39:28 IST" duration-ms="4174" status="PASS">
          <params>
            <param index="0">
              <value>
                <![CDATA[chrome]]>
              </value>
            </param>
          </params>
          <reporter-output>
          </reporter-output>
        </test-method> <!-- launch -->
        <test-method signature="loginl_logic()[pri:0, instance:amazon_test.Test_Case5@30c15d8b]" started-at="2024-12-11T23:39:28 IST" name="loginl_logic" finished-at="2024-12-11T23:39:39 IST" duration-ms="11217" status="PASS">
          <reporter-output>
            <line>
              <![CDATA[Test is passed]]>
            </line>
          </reporter-output>
        </test-method> <!-- loginl_logic -->
        <test-method is-config="true" signature="quit()[pri:0, instance:amazon_test.Test_Case5@30c15d8b]" started-at="2024-12-11T23:39:40 IST" name="quit" finished-at="2024-12-11T23:39:40 IST" duration-ms="0" status="PASS">
          <reporter-output>
          </reporter-output>
        </test-method> <!-- quit -->
      </class> <!-- amazon_test.Test_Case5 -->
      <class name="amazon_test.Test_Case4">
        <test-method is-config="true" signature="launch(java.lang.String)[pri:0, instance:amazon_test.Test_Case4@2d3379b4]" started-at="2024-12-11T23:39:05 IST" name="launch" finished-at="2024-12-11T23:39:09 IST" duration-ms="4153" status="PASS">
          <params>
            <param index="0">
              <value>
                <![CDATA[chrome]]>
              </value>
            </param>
          </params>
          <reporter-output>
          </reporter-output>
        </test-method> <!-- launch -->
        <test-method signature="edit_address()[pri:0, instance:amazon_test.Test_Case4@2d3379b4]" started-at="2024-12-11T23:39:09 IST" name="edit_address" finished-at="2024-12-11T23:39:24 IST" duration-ms="14336" status="PASS">
          <reporter-output>
            <line>
              <![CDATA[Test is passed]]>
            </line>
          </reporter-output>
        </test-method> <!-- edit_address -->
        <test-method is-config="true" signature="quit()[pri:0, instance:amazon_test.Test_Case4@2d3379b4]" started-at="2024-12-11T23:39:24 IST" name="quit" finished-at="2024-12-11T23:39:24 IST" duration-ms="0" status="PASS">
          <reporter-output>
          </reporter-output>
        </test-method> <!-- quit -->
      </class> <!-- amazon_test.Test_Case4 -->
      <class name="amazon_test.Test_Case2">
        <test-method is-config="true" signature="launch(java.lang.String)[pri:0, instance:amazon_test.Test_Case2@313ac989]" started-at="2024-12-11T23:38:51 IST" name="launch" finished-at="2024-12-11T23:38:56 IST" duration-ms="5215" status="PASS">
          <params>
            <param index="0">
              <value>
                <![CDATA[chrome]]>
              </value>
            </param>
          </params>
          <reporter-output>
          </reporter-output>
        </test-method> <!-- launch -->
        <test-method signature="login_logic()[pri:0, instance:amazon_test.Test_Case2@313ac989]" started-at="2024-12-11T23:38:56 IST" name="login_logic" finished-at="2024-12-11T23:39:05 IST" duration-ms="8332" status="PASS">
          <reporter-output>
            <line>
              <![CDATA[Test is passed]]>
            </line>
          </reporter-output>
        </test-method> <!-- login_logic -->
        <test-method is-config="true" signature="quit()[pri:0, instance:amazon_test.Test_Case2@313ac989]" started-at="2024-12-11T23:39:05 IST" name="quit" finished-at="2024-12-11T23:39:05 IST" duration-ms="2" status="PASS">
          <reporter-output>
          </reporter-output>
        </test-method> <!-- quit -->
      </class> <!-- amazon_test.Test_Case2 -->
    </test> <!-- Test -->
  </suite> <!-- Suite -->
</testng-results>
